
Showing logs for build [32mcb-kubecd-environment-pr-230-10-wzfsl-1[0m stage [32mfrom-build-pack[0m and container [32mstep-credential-initializer-lqv44[0m
{"level":"info","ts":1590202376.4348447,"logger":"fallback-logger","caller":"logging/config.go:69","msg":"Fetch GitHub commit ID from kodata failed: open /var/run/ko/refs/heads/0.8.0-ns-support: no such file or directory"}
{"level":"info","ts":1590202376.4356534,"logger":"fallback-logger","caller":"creds-init/main.go:40","msg":"Credentials initialized."}

Showing logs for build [32mcb-kubecd-environment-pr-230-10-wzfsl-1[0m stage [32mfrom-build-pack[0m and container [32mstep-working-dir-initializer-rgspf[0m
{"level":"info","ts":1590202377.8356357,"logger":"fallback-logger","caller":"logging/config.go:69","msg":"Fetch GitHub commit ID from kodata failed: open /var/run/ko/HEAD: no such file or directory"}
{"level":"info","ts":1590202377.839454,"logger":"fallback-logger","caller":"bash/main.go:64","msg":"Successfully executed command \"sh -c mkdir -p /workspace/source\"; output "}

Showing logs for build [32mcb-kubecd-environment-pr-230-10-wzfsl-1[0m stage [32mfrom-build-pack[0m and container [32mstep-place-tools[0m

Showing logs for build [32mcb-kubecd-environment-pr-230-10-wzfsl-1[0m stage [32mfrom-build-pack[0m and container [32mstep-git-source-cb-kubecd-environment-pr-230-10-wzfsl-6ngw8[0m
{"level":"info","ts":1590202403.934507,"logger":"fallback-logger","caller":"logging/config.go:69","msg":"Fetch GitHub commit ID from kodata failed: open /var/run/ko/refs/heads/0.8.0-ns-support: no such file or directory"}
{"level":"info","ts":1590202404.9708955,"logger":"fallback-logger","caller":"git/git.go:103","msg":"Successfully cloned https://github.com/cb-kubecd/environment-pr-230-10-boot-vault-gke-staging.git @ master in path /workspace/source"}

Showing logs for build [32mcb-kubecd-environment-pr-230-10-wzfsl-1[0m stage [32mfrom-build-pack[0m and container [32mstep-git-merge[0m
Using SHAs from PULL_REFS=master:7a87a8b5fac39feffc2d8cf2080cc65016eb9b2d,1:17b8aa227895c47c47ba286abbac631f83244175
DEBUG: LC_ALL=C JX_LOG_LEVEL=error git fetch origin --unshallow 17b8aa227895c47c47ba286abbac631f83244175: 7a87a8b5fac39feffc2d8cf2080cc65016eb9b2d:
DEBUG: ran git fetch --unshallow origin 17b8aa227895c47c47ba286abbac631f83244175: 7a87a8b5fac39feffc2d8cf2080cc65016eb9b2d: in 
DEBUG: LC_ALL=C JX_LOG_LEVEL=error git branch
DEBUG: JX_LOG_LEVEL=error LC_ALL=C git checkout master
DEBUG: ran git checkout master in 
DEBUG: LC_ALL=C JX_LOG_LEVEL=error git reset --hard 7a87a8b5fac39feffc2d8cf2080cc65016eb9b2d
DEBUG: ran git reset --hard 7a87a8b5fac39feffc2d8cf2080cc65016eb9b2d in 
DEBUG: LC_ALL=C JX_LOG_LEVEL=error git clean -fd .
DEBUG: ran clean --force -d . in 
DEBUG: LC_ALL=C JX_LOG_LEVEL=error git merge 17b8aa227895c47c47ba286abbac631f83244175
DEBUG: ran git merge 17b8aa227895c47c47ba286abbac631f83244175 in 
DEBUG: LC_ALL=C JX_LOG_LEVEL=error git log --format=%H%x1f%an%x1f%ae%x1f%cn%x1f%ce%x1f%s%n%b%x1e 7a87a8b5fac39feffc2d8cf2080cc65016eb9b2d..HEAD
Merged SHA 17b8aa227895c47c47ba286abbac631f83244175 with commit message 'chore: Promote bdd-spring-1590202036 to version 0.0.1' into base branch master

Showing logs for build [32mcb-kubecd-environment-pr-230-10-wzfsl-1[0m stage [32mfrom-build-pack[0m and container [32mstep-build-helm-build[0m
WARNING: No $CHART_REPOSITORY defined so using the default value of: http://jenkins-x-chartmuseum:8080
Adding missing Helm repo: storage.googleapis.com https://storage.googleapis.com/chartmuseum.jenkins-x.io
WARNING: No secrets found on "helm/repos" due: reading the secret "helm/repos" from vault: no secret "helm/repos" not found in vault
Read credentials for https://storage.googleapis.com/chartmuseum.jenkins-x.io from vault helm/repos
Successfully added Helm repository storage.googleapis.com.
Adding missing Helm repo: jenkins-x-chartmuseum http://jenkins-x-chartmuseum:8080
WARNING: No secrets found on "helm/repos" due: reading the secret "helm/repos" from vault: no secret "helm/repos" not found in vault
Read credentials for http://jenkins-x-chartmuseum:8080 from vault helm/repos
Successfully added Helm repository jenkins-x-chartmuseum.
WARNING: No $CHART_REPOSITORY defined so using the default value of: http://jenkins-x-chartmuseum:8080
Adding missing Helm repo: chartmuseum.jenkins-x.io http://chartmuseum.jenkins-x.io
WARNING: No secrets found on "helm/repos" due: reading the secret "helm/repos" from vault: no secret "helm/repos" not found in vault
Read credentials for http://chartmuseum.jenkins-x.io from vault helm/repos
Successfully added Helm repository chartmuseum.jenkins-x.io.
